<?xml version="1.0" encoding="UTF-8"?>
<!-- Generated by org.testng.reporters.JUnitReportReporter -->
<testsuite hostname="LAPTOP-7G2PRVTP" failures="0" tests="4" name="Testng.demo1" time="0.030" errors="0" timestamp="2023-10-19T12:41:15 IST" skipped="0">
  <testcase classname="Testng.demo1" name="C" time="0.015"/>
  <testcase classname="Testng.demo1" name="A" time="0.003"/>
  <testcase classname="Testng.demo1" name="B" time="0.009"/>
  <testcase classname="Testng.demo1" name="D" time="0.003"/>
</testsuite> <!-- Testng.demo1 -->
