<?xml version="1.0" encoding="UTF-8"?>
<!-- Generated by org.testng.reporters.JUnitReportReporter -->
<testsuite hostname="LAPTOP-7G2PRVTP" failures="0" tests="1" name="Testng.Parameters_concept" time="9.129" errors="0" timestamp="2023-10-26T17:48:23 IST" skipped="0">
  <testcase classname="Testng.Parameters_concept" name="login" time="9.129"/>
</testsuite> <!-- Testng.Parameters_concept -->
