<?xml version="1.0" encoding="UTF-8"?>
<!-- Generated by org.testng.reporters.JUnitReportReporter -->
<testsuite hostname="LAPTOP-7G2PRVTP" failures="0" tests="2" name="Testng.Grouping" time="0.030" errors="0" timestamp="2023-10-27T10:44:18 IST" skipped="0">
  <testcase classname="Testng.Grouping" name="testPrintMessage1" time="0.008"/>
  <testcase classname="Testng.Grouping" name="testPrintMessage" time="0.022"/>
</testsuite> <!-- Testng.Grouping -->
