<?xml version="1.0" encoding="UTF-8"?>
<!-- Generated by org.testng.reporters.JUnitReportReporter -->
<testsuite hostname="LAPTOP-7G2PRVTP" failures="0" tests="8" name="Testng.Priority" time="0.086" errors="0" timestamp="2023-10-26T10:54:10 IST" skipped="0">
  <testcase classname="Testng.Priority" name="TestCase" time="0.025"/>
  <testcase classname="Testng.Priority" name="TestCaseEight" time="0.003"/>
  <testcase classname="Testng.Priority" name="TestCaseSeven" time="0.007"/>
  <testcase classname="Testng.Priority" name="TestCaseFour" time="0.007"/>
  <testcase classname="Testng.Priority" name="Login" time="0.009"/>
  <testcase classname="Testng.Priority" name="TestCaseFive" time="0.008"/>
  <testcase classname="Testng.Priority" name="TestCaseThree" time="0.012"/>
  <testcase classname="Testng.Priority" name="TestCaseTwo" time="0.015"/>
</testsuite> <!-- Testng.Priority -->
