<?xml version="1.0" encoding="UTF-8"?>
<!-- Generated by org.testng.reporters.JUnitReportReporter -->
<testsuite hostname="LAPTOP-7G2PRVTP" failures="0" tests="2" name="Testng.Annotations_demo" time="2.259" errors="0" timestamp="2023-10-22T20:28:52 IST" skipped="0">
  <testcase classname="Testng.Annotations_demo" name="testcase2" time="0.017"/>
  <testcase classname="Testng.Annotations_demo" name="loginTestCase" time="2.242"/>
</testsuite> <!-- Testng.Annotations_demo -->
